<?xml version="1.0" encoding="UTF-8"?>
<!-- Generated by org.testng.reporters.JUnitReportReporter -->
<testsuite hostname="DESKTOP-KFF6RM1" failures="0" tests="2" name="testing.TestngAnnotation" time="0.015" errors="0" timestamp="2022-09-01T15:52:40 WIB" skipped="0">
  <testcase classname="testing.TestngAnnotation" name="testCase1" time="0.013"/>
  <system-out/>
  <testcase classname="testing.TestngAnnotation" name="testCase2" time="0.002"/>
  <system-out/>
</testsuite> <!-- testing.TestngAnnotation -->
