<?xml version="1.0" encoding="UTF-8"?>
<!-- Generated by org.testng.reporters.JUnitReportReporter -->
<testsuite hostname="DESKTOP-KFF6RM1" failures="0" tests="2" name="testing.TestSortAlgoDynamic" time="0.011" errors="0" timestamp="2022-09-02T12:23:51 WIB" skipped="0">
  <testcase classname="testing.TestSortAlgoDynamic" name="testPertama" time="0.001"/>
  <system-out/>
  <testcase classname="testing.TestSortAlgoDynamic" name="testKedua" time="0.010"/>
  <system-out/>
</testsuite> <!-- testing.TestSortAlgoDynamic -->
